2019-02-12 17:23:44  [ main:0 ] - [ INFO ]  1
2019-02-12 17:23:44  [ main:3 ] - [ INFO ]   null
2019-02-12 17:23:44  [ main:3 ] - [ INFO ]  2
2019-02-12 17:23:44  [ main:3 ] - [ INFO ]   null
2019-02-12 17:23:44  [ main:3 ] - [ INFO ]  3
2019-02-12 17:23:44  [ main:4 ] - [ INFO ]   null
2019-02-12 17:23:44  [ main:4 ] - [ INFO ]  4
2019-02-12 17:23:44  [ main:4 ] - [ INFO ]   null
2019-02-12 17:23:44  [ main:6 ] - [ INFO ]  2
2019-02-12 17:23:44  [ main:6 ] - [ INFO ]   3
2019-02-12 17:23:44  [ main:7 ] - [ INFO ]  3
2019-02-12 17:23:44  [ main:7 ] - [ INFO ]   4
2019-02-12 17:23:44  [ main:7 ] - [ INFO ]  4
2019-02-12 17:23:44  [ main:7 ] - [ INFO ]   5
2019-02-12 17:24:48  [ main:0 ] - [ INFO ]  1 null
2019-02-12 17:24:48  [ main:2 ] - [ INFO ]  2 null
2019-02-12 17:24:48  [ main:2 ] - [ INFO ]  3 null
2019-02-12 17:24:48  [ main:2 ] - [ INFO ]  4 null
2019-02-12 17:24:48  [ main:2 ] - [ INFO ]  2 3
2019-02-12 17:24:48  [ main:3 ] - [ INFO ]  3 4
2019-02-12 17:24:48  [ main:3 ] - [ INFO ]  4 5
2019-02-12 17:25:03  [ main:0 ] - [ INFO ]  1 null
2019-02-12 17:25:03  [ main:2 ] - [ INFO ]  2 null
2019-02-12 17:25:03  [ main:2 ] - [ INFO ]  3 null
2019-02-12 17:25:03  [ main:2 ] - [ INFO ]  4 null
2019-02-12 17:25:03  [ main:2 ] - [ INFO ]  2 3
2019-02-12 17:25:03  [ main:2 ] - [ INFO ]  3 4
2019-02-12 17:25:03  [ main:2 ] - [ INFO ]  4 5
2019-02-12 17:25:42  [ main:0 ] - [ INFO ]  1 null
2019-02-12 17:25:42  [ main:3 ] - [ INFO ]  2 null
2019-02-12 17:25:42  [ main:3 ] - [ INFO ]  3 null
2019-02-12 17:25:42  [ main:3 ] - [ INFO ]  4 null
2019-02-12 17:25:42  [ main:3 ] - [ INFO ]  2 3
2019-02-12 17:25:42  [ main:3 ] - [ INFO ]  3 4
2019-02-12 17:25:42  [ main:4 ] - [ INFO ]  4 5
2019-02-12 17:26:04  [ main:0 ] - [ INFO ]  1 null
2019-02-12 17:26:04  [ main:2 ] - [ INFO ]  2 null
2019-02-12 17:26:04  [ main:2 ] - [ INFO ]  3 null
2019-02-12 17:26:04  [ main:2 ] - [ INFO ]  4 null
2019-02-12 17:26:04  [ main:2 ] - [ INFO ]  2 3
2019-02-12 17:26:04  [ main:2 ] - [ INFO ]  3 4
2019-02-12 17:26:04  [ main:2 ] - [ INFO ]  4 5
